<?xml version="1.0" encoding="UTF-8"?>
<!-- Generated by org.testng.reporters.JUnitReportReporter -->
<testsuite hostname="DESKTOP-OV5LI8A" failures="0" tests="1" name="com.excelfile.ReadData" time="1.318" errors="0" timestamp="2022-04-21T18:07:17 IST" skipped="0">
  <testcase classname="com.excelfile.ReadData" name="readdata" time="1.318"/>
  <system-out/>
</testsuite> <!-- com.excelfile.ReadData -->
